<?xml version="1.0" encoding="UTF-8"?>
<testsuite name="javapractise.MyLinkedListTest" tests="1" skipped="0" failures="0" errors="0" timestamp="2021-01-02T05:10:05" hostname="MSI" time="0.001">
  <properties/>
  <testcase name="given3NumbersWhenInsertingSecondInBetweenShouldPassLinkedListTest" classname="javapractise.MyLinkedListTest" time="0.001"/>
  <system-out><![CDATA[]]></system-out>
  <system-err><![CDATA[]]></system-err>
</testsuite>
