<?xml version="1.0" encoding="UTF-8"?>
<testsuite name="javapractise.MyLinkedListTest" tests="1" skipped="0" failures="0" errors="0" timestamp="2021-01-04T04:29:43" hostname="MSI" time="0.007">
  <properties/>
  <testcase name="given4NumbersWhenDeleted40ShouldPassLinkListTest" classname="javapractise.MyLinkedListTest" time="0.007"/>
  <system-out><![CDATA[My Nodes: 56->30->70
Size is: 3
]]></system-out>
  <system-err><![CDATA[]]></system-err>
</testsuite>
