<?xml version="1.0" encoding="UTF-8"?>
<testsuite name="javapractise.MyLinkedListTest" tests="1" skipped="0" failures="0" errors="0" timestamp="2021-01-02T05:29:26" hostname="MSI" time="0.002">
  <properties/>
  <testcase name="given3NumbersWhenPoppedShouldRemoveTheLastNode" classname="javapractise.MyLinkedListTest" time="0.002"/>
  <system-out><![CDATA[My Nodes: 56->3070
]]></system-out>
  <system-err><![CDATA[]]></system-err>
</testsuite>
