<?xml version="1.0" encoding="UTF-8"?>
<testsuite name="javapractise.MyHashMapTest" tests="1" skipped="0" failures="0" errors="0" timestamp="2021-01-05T04:30:01" hostname="MSI" time="0.003">
  <properties/>
  <testcase name="givenASentence_WhenWordAreAddedToList_ShouldReturnWordFrequency" classname="javapractise.MyHashMapTest" time="0.003"/>
  <system-out><![CDATA[javapractise.MyHashMap@52a5208a
]]></system-out>
  <system-err><![CDATA[]]></system-err>
</testsuite>
