<?xml version="1.0" encoding="UTF-8"?>
<testsuite name="javapractise.MyLinkedListTest" tests="1" skipped="0" failures="0" errors="0" timestamp="2021-01-02T06:18:50" hostname="MSI" time="0.003">
  <properties/>
  <testcase name="given3NumbersWhenSearched30ShouldGiveItsPosition" classname="javapractise.MyLinkedListTest" time="0.003"/>
  <system-out><![CDATA[My Nodes: 56->30->70
]]></system-out>
  <system-err><![CDATA[]]></system-err>
</testsuite>
